epoch,acc,loss,val_acc,val_loss
0,0.25539994425863993,1.7921782145930771,0.3052382279269441,1.685520538615463
1,0.31464239634758184,1.6845437475015177,0.386040679888328,1.559122734994535
2,0.360707186948398,1.6071417627796185,0.4303427138312609,1.473839863790181
3,0.38421034278445454,1.5621057403433891,0.44817497913602933,1.4167323915630903
4,0.39191686717994245,1.5368339779462035,0.4573697408582879,1.3963872903434305
5,0.410189350354612,1.5072283491320277,0.4694901086985816,1.35985933234679
6,0.4143738884825784,1.4941397003329864,0.484954026174532,1.3465482714814574
7,0.4163615440950902,1.4847095266655366,0.49052660906670253,1.3250405160654684
8,0.42452139345171747,1.4671639861740293,0.48969072161626936,1.3258431991118513
9,0.4271018586328731,1.4639408172297212,0.5022290331734758,1.3138530800919839
10,0.44112006137322596,1.4450416358589657,0.5023683477623877,1.3125155752633202
11,0.4389231788546536,1.4475836333950165,0.48843689048213856,1.3149255777209141
12,0.4395857307260105,1.440150569110218,0.49568124824196025,1.2973398408972143
13,0.4424451651190574,1.4332901998498546,0.5089161326440804,1.298444350521755
14,0.44513024375350313,1.4264813732015091,0.5112844803400377,1.2826990438025787
15,0.4479548069886983,1.4216689984743642,0.5215937587071607,1.2832382213740536
16,0.4465599609463893,1.4192121787463148,0.5135135134969059,1.2773652346428472
17,0.4483383896512816,1.4089152911810394,0.510866536623125,1.2797913810242914
18,0.448059420442508,1.4139304612435053,0.5246586792978546,1.2680862570712412
19,0.4560100428925551,1.40757776592451,0.5250766230147673,1.2628762618716163
20,0.45527774872264215,1.4050032637352665,0.5252159376202868,1.2595613938947015
21,0.4600550964192524,1.3956268018029552,0.5238227918474214,1.2668816979863444
22,0.458485894619901,1.3983517590811858,0.5197826693004205,1.2624812304691273
23,0.4606827771426303,1.3899081760018666,0.5270270270104195,1.2414727059371227
24,0.45869512152804004,1.389394142631291,0.5369183616938449,1.238061250269197
25,0.46539038253756676,1.3788098355452336,0.5391473948008904,1.237611211186566
26,0.4622868500930784,1.3889340485107136,0.5383115074168875,1.228933514393482
27,0.46214736548505425,1.38870116298109,0.5390080802618012,1.2352600954940107
28,0.46908672455693445,1.3787141523214215,0.5388687656728894,1.2269009864572762
29,0.4666457439770479,1.3742706956243849,0.5394260239288913,1.2296022717651798
30,0.46828468807807305,1.3776685642340603,0.5383115074002799,1.2157382871753228
31,0.4690518534022004,1.3795331601264833,0.5360824742600193,1.231918836360723
32,0.46723855354569177,1.3763527623670189,0.5352465867763709,1.2231708278759637
33,0.4755030163587268,1.3629857848436093,0.5327389244748942,1.230979403170014
34,0.47292255117393384,1.3668092985376343,0.539008080228586,1.2218543060578553
35,0.4699236321790982,1.3700299448317994,0.54109779881315,1.2174550424913537
36,0.4693656937615511,1.3673765769367143,0.5477848982837547,1.205792581447156
37,0.4787809045586987,1.3533082931790055,0.5519643355027053,1.1982007837454964
38,0.4751891759952192,1.3549812418041807,0.5420730008026723,1.2139203993680916
39,0.47759528542452867,1.35431457917702,0.541237113435277,1.219902956874366
40,0.48052446211353356,1.3499101823762267,0.5561437726054028,1.19901105144556
41,0.4820239216138093,1.3507712911261704,0.5384508219227614,1.2249845919850877
42,0.48233776197367956,1.3416608417949096,0.5452772359656703,1.1998240011387398
43,0.48732433658050733,1.343558329757206,0.5511284480190569,1.1997470207684682
44,0.48523206751158776,1.344522885428723,0.5445806631539718,1.20696014429939
45,0.48397670607210663,1.3430021854982876,0.5436054611478419,1.2025900564342529
46,0.48195417930849815,1.3554129792576692,0.5470883254720561,1.2064472854087598
47,0.4800013948481224,1.3489296517453775,0.5539147394485346,1.1958556996643395
48,0.49056735362938253,1.3349432749790964,0.5568403455167469,1.1995967313352485
49,0.4864525577999722,1.3345762410456363,0.5523822792030105,1.191465004801119
50,0.4822680196678488,1.3411170463330553,0.5491780439901897,1.204408894444814
51,0.48579000593225263,1.3418046414164164,0.550013931473838,1.2018105328398583
52,0.4877079192389337,1.3392411283516055,0.5551685706158805,1.18827887802411
53,0.4883355999623116,1.3390212818955796,0.5509891334965754,1.198822013080934
54,0.49293859190395795,1.330070336451901,0.5477848983335774,1.2074120156643418
55,0.4925201380907976,1.3273902647614242,0.5568403455167469,1.1902202336062093
56,0.48993967290964197,1.3364648676094835,0.5561437726054028,1.183366685864918
57,0.4914740035610144,1.3318065238072956,0.5544719977875744,1.1848189817161805
58,0.4842556752819195,1.3368455444697693,0.5508498189076636,1.1972327649377454
59,0.48592949053456097,1.3298255279771944,0.560183895218834,1.196668067792891
60,0.4889981518300311,1.3321589473634308,0.5507105043021442,1.1838771321209536
61,0.48760330578720246,1.3307768692093822,0.5419336862469756,1.1974999940837117
62,0.4892422498908257,1.3293407678346394,0.5561437726220104,1.1809837619020733
63,0.4891725075855146,1.3249753036521306,0.5493173586289243,1.1976857535783945
64,0.48784740384384007,1.3372707449251269,0.5607411535412663,1.1880667275059154
65,0.4951354744230499,1.3258071085663192,0.5533574812091403,1.1840890651295264
66,0.4937057572280853,1.3246797078090693,0.5561437726220104,1.1755630637185093
67,0.49635596471247356,1.3233769078585926,0.5509891334965754,1.1820405811179344
68,0.49485650521531555,1.3214381368322285,0.5565617163389232,1.185514839986268
69,0.4924503957880846,1.3244700042482376,0.5617163555473961,1.1748818309900322
70,0.49736722809271894,1.3189771568965982,0.5543326832152702,1.1820829071085843
71,0.4968092896788091,1.3210581241552062,0.5626915575203107,1.1702587888512515
72,0.497053387736486,1.3191525881566541,0.5554471997604891,1.1956374597735444
73,0.4987272029891275,1.3189557149211795,0.5568403454835317,1.172691190066727
74,0.49823900687065603,1.3081232906156917,0.5594873223905279,1.1716355680921144
75,0.49959898176654494,1.316921977732942,0.5635274449541363,1.1698469018730222
76,0.5025630296066466,1.3149249284142799,0.5642240178654805,1.1679054607452208
77,0.49932001255465364,1.3158808021185915,0.5608804681135705,1.1650243823858448
78,0.4978554242080727,1.3158624755308195,0.5638060740987448,1.1671773552994238
79,0.49464727831081384,1.3223469617638905,0.5572582892336597,1.1774509834293272
